<?xml version="1.0" encoding="UTF-8"?>
<!-- Generated by org.testng.reporters.JUnitXMLReporter -->
<testsuite hostname="Maria-PC" ignored="0" name="Test" tests="2" failures="2" timestamp="30 jul 2018 22:31:54 GMT" time="38.966" errors="0">
  <testcase name="Test_005" time="6.665" classname="test.java.tst_005">
    <failure type="java.lang.NoSuchMethodError" message="org.openqa.selenium.support.ui.WebDriverWait.until(Lcom/google/common/base/Function;)Ljava/lang/Object;">
      <![CDATA[java.lang.NoSuchMethodError: org.openqa.selenium.support.ui.WebDriverWait.until(Lcom/google/common/base/Function;)Ljava/lang/Object;
	at test.java.functions.Functions.ir_a_Xpath(Functions.java:405)
	at test.java.tst_005.Test_005(tst_005.java:31)
... Removed 25 stack frames]]>
    </failure>
  </testcase> <!-- Test_005 -->
  <testcase name="Test_004" time="2.278" classname="test.java.tst_004">
    <failure type="java.lang.NoSuchMethodError" message="org.openqa.selenium.support.ui.WebDriverWait.until(Lcom/google/common/base/Function;)Ljava/lang/Object;">
      <![CDATA[java.lang.NoSuchMethodError: org.openqa.selenium.support.ui.WebDriverWait.until(Lcom/google/common/base/Function;)Ljava/lang/Object;
	at test.java.functions.Functions.Esperar_Xpath(Functions.java:335)
	at test.java.tst_004.Test_004(tst_004.java:32)
... Removed 25 stack frames]]>
    </failure>
  </testcase> <!-- Test_004 -->
</testsuite> <!-- Test -->
